2024-06-10T23:16:54.711Z 0: 

----------------------------------------------
2024-06-11T01:25:48.390Z 0: 

----------------------------------------------
2024-06-11T01:25:48.422Z 1: Discord starting: {"releaseChannel":"stable","version":"0.0.56"}, modulepath: /home/tean/.config/discord/0.0.56/modules
2024-06-11T01:25:48.428Z 2: ✅ webContents.created web1 ""
2024-06-11T01:25:48.488Z 3: ✅ window.created win1 "discord"
2024-06-11T01:25:48.750Z 4: ✅ webContents.did-finish-load web1
2024-06-11T01:25:53.558Z 5: ✅ webContents.created web2 ""
2024-06-11T01:25:53.577Z 6: ✅ window.created win2 "Discord"
2024-06-11T01:25:54.606Z 7: ✅ webContents.did-finish-load web2
2024-06-11T01:25:54.707Z 8: window.close win1
2024-06-11T01:25:54.783Z 9: webContents.destroyed web1
2024-06-11T01:25:54.817Z 10: window.closed win1
2024-06-11T01:25:57.678Z 11: window.close win2
2024-06-11T01:25:59.735Z 0: 

----------------------------------------------
2024-06-11T01:25:59.754Z 1: Discord starting: {"releaseChannel":"stable","version":"0.0.56"}, modulepath: /home/tean/.config/discord/0.0.56/modules
2024-06-11T01:26:00.783Z 12: window.close win2
2024-06-11T01:26:04.476Z 0: 

----------------------------------------------
2024-06-11T01:26:04.482Z 1: Discord starting: {"releaseChannel":"stable","version":"0.0.56"}, modulepath: /home/tean/.config/discord/0.0.56/modules
2024-06-11T01:26:06.741Z 13: window.close win2
2024-06-11T02:21:17.290Z 0: 

----------------------------------------------
2024-06-11T02:21:17.304Z 1: Discord starting: {"releaseChannel":"stable","version":"0.0.56"}, modulepath: /home/tean/.config/discord/0.0.56/modules
2024-06-11T02:21:27.455Z 14: window.close win2
2024-06-11T03:00:19.224Z 0: 

----------------------------------------------
2024-06-11T03:00:19.234Z 1: Discord starting: {"releaseChannel":"stable","version":"0.0.56"}, modulepath: /home/tean/.config/discord/0.0.56/modules
2024-06-11T03:00:33.379Z 15: window.close win2
2024-06-11T03:21:47.120Z 0: 

----------------------------------------------
2024-06-11T03:21:47.127Z 1: Discord starting: {"releaseChannel":"stable","version":"0.0.56"}, modulepath: /home/tean/.config/discord/0.0.56/modules
2024-06-11T03:21:56.751Z 16: window.close win2
2024-06-11T04:22:07.718Z 17: before-quit
2024-06-11T04:27:34.206Z 0: 

----------------------------------------------
2024-06-11T04:27:34.248Z 1: Discord starting: {"releaseChannel":"stable","version":"0.0.56"}, modulepath: /home/tean/.config/discord/0.0.56/modules
2024-06-11T04:27:34.251Z 2: ✅ webContents.created web1 ""
2024-06-11T04:27:34.253Z 3: ✅ window.created win1 "discord"
2024-06-11T04:27:35.007Z 4: ✅ webContents.did-finish-load web1
2024-06-11T04:27:35.241Z 5: ✅ webContents.created web2 ""
2024-06-11T04:27:35.251Z 6: ✅ window.created win2 "Discord"
2024-06-11T04:27:37.014Z 7: ✅ webContents.did-finish-load web2
2024-06-11T04:27:37.114Z 8: window.close win1
2024-06-11T04:27:37.124Z 9: webContents.destroyed web1
2024-06-11T04:27:37.132Z 10: window.closed win1
2024-06-11T04:46:12.775Z 11: window.close win2
2024-06-11T05:26:37.022Z 0: 

----------------------------------------------
2024-06-11T05:26:37.032Z 1: Discord starting: {"releaseChannel":"stable","version":"0.0.56"}, modulepath: /home/tean/.config/discord/0.0.56/modules
2024-06-11T05:34:20.567Z 12: window.close win2
2024-06-11T14:32:22.400Z 0: 

----------------------------------------------
2024-06-11T14:32:22.407Z 1: Discord starting: {"releaseChannel":"stable","version":"0.0.56"}, modulepath: /home/tean/.config/discord/0.0.56/modules
2024-06-11T14:37:41.230Z 13: window.close win2
2024-06-11T14:40:31.211Z 0: 

----------------------------------------------
2024-06-11T14:40:31.220Z 1: Discord starting: {"releaseChannel":"stable","version":"0.0.56"}, modulepath: /home/tean/.config/discord/0.0.56/modules
2024-06-11T15:22:06.771Z 14: before-quit
2024-06-11T15:22:06.775Z 15: window.close win2
2024-06-11T15:22:06.817Z 16: webContents.destroyed web2
2024-06-11T15:22:06.838Z 17: window.closed win2
2024-06-11T16:39:14.920Z 0: 

----------------------------------------------
2024-06-11T16:39:14.940Z 1: Discord starting: {"releaseChannel":"stable","version":"0.0.56"}, modulepath: /home/tean/.config/discord/0.0.56/modules
2024-06-11T16:39:14.957Z 2: ✅ webContents.created web1 ""
2024-06-11T16:39:15.078Z 3: ✅ window.created win1 "discord"
2024-06-11T16:39:15.468Z 4: ✅ webContents.did-finish-load web1
2024-06-11T16:39:15.921Z 5: ✅ webContents.created web2 ""
2024-06-11T16:39:15.965Z 6: ✅ window.created win2 "Discord"
2024-06-11T16:39:18.268Z 7: ✅ webContents.did-finish-load web2
2024-06-11T16:39:18.367Z 8: window.close win1
2024-06-11T16:39:18.382Z 9: webContents.destroyed web1
2024-06-11T16:39:18.384Z 10: window.closed win1
2024-06-11T16:39:24.721Z 11: window.close win2
2024-06-11T17:04:05.093Z 0: 

----------------------------------------------
2024-06-11T17:04:05.104Z 1: Discord starting: {"releaseChannel":"stable","version":"0.0.56"}, modulepath: /home/tean/.config/discord/0.0.56/modules
