2024-06-10 17:22:25 Loading main app package /usr/lib/obsidian/obsidian.asar
2024-06-10 17:22:25 Checking for update using Github
2024-06-10 17:22:25 Success.
2024-06-10 17:22:25 Latest version is 1.6.3
2024-06-10 17:22:25 App is up to date.
2024-06-10 17:24:46 Loading main app package /usr/lib/obsidian/obsidian.asar
2024-06-10 17:24:47 Checking for update using Github
2024-06-10 17:24:47 Success.
2024-06-10 17:24:47 Latest version is 1.6.3
2024-06-10 17:24:47 App is up to date.
2024-06-10 17:25:06 Loading main app package /usr/lib/obsidian/obsidian.asar
2024-06-10 17:25:06 Checking for update using Github
2024-06-10 17:25:06 Success.
2024-06-10 17:25:06 Latest version is 1.6.3
2024-06-10 17:25:06 App is up to date.
2024-06-10 17:29:32 Loading main app package /usr/lib/obsidian/obsidian.asar
2024-06-10 17:29:32 Checking for update using Github
2024-06-10 17:29:32 Success.
2024-06-10 17:29:32 Latest version is 1.6.3
2024-06-10 17:29:32 App is up to date.
2024-06-10 18:29:32 Checking for update using Github
2024-06-10 18:29:32 Success.
2024-06-10 18:29:32 Latest version is 1.6.3
2024-06-10 18:29:32 App is up to date.
2024-06-10 19:41:57 Loading main app package /usr/lib/obsidian/obsidian.asar
2024-06-10 19:41:57 Checking for update using Github
2024-06-10 19:41:58 Success.
2024-06-10 19:41:58 Latest version is 1.6.3
2024-06-10 19:41:58 App is up to date.
2024-06-10 20:41:57 Checking for update using Github
2024-06-10 20:41:57 Success.
2024-06-10 20:41:57 Latest version is 1.6.3
2024-06-10 20:41:57 App is up to date.
2024-06-10 21:41:57 Checking for update using Github
2024-06-10 21:41:57 Success.
2024-06-10 21:41:57 Latest version is 1.6.3
2024-06-10 21:41:57 App is up to date.
2024-06-10 22:41:57 Checking for update using Github
2024-06-10 22:41:57 Success.
2024-06-10 22:41:57 Latest version is 1.6.3
2024-06-10 22:41:57 App is up to date.
2024-06-10 23:41:57 Checking for update using Github
2024-06-10 23:41:57 Success.
2024-06-10 23:41:57 Latest version is 1.6.3
2024-06-10 23:41:57 App is up to date.
2024-06-11 00:41:57 Checking for update using Github
2024-06-11 00:41:57 Success.
2024-06-11 00:41:57 Latest version is 1.6.3
2024-06-11 00:41:57 App is up to date.
2024-06-11 01:41:57 Checking for update using Github
2024-06-11 01:41:57 Success.
2024-06-11 01:41:57 Latest version is 1.6.3
2024-06-11 01:41:57 App is up to date.
2024-06-11 02:41:57 Checking for update using Github
2024-06-11 02:41:57 Success.
2024-06-11 02:41:57 Latest version is 1.6.3
2024-06-11 02:41:57 App is up to date.
2024-06-11 03:41:57 Checking for update using Github
2024-06-11 03:41:57 Success.
2024-06-11 03:41:57 Latest version is 1.6.3
2024-06-11 03:41:57 App is up to date.
2024-06-11 04:09:55 Loading main app package /usr/lib/obsidian/obsidian.asar
2024-06-11 04:09:55 Checking for update using Github
2024-06-11 04:09:55 Success.
2024-06-11 04:09:55 Latest version is 1.6.3
2024-06-11 04:09:55 App is up to date.
2024-06-11 04:22:53 Loading main app package /usr/lib/obsidian/obsidian.asar
2024-06-11 04:22:53 Checking for update using Github
2024-06-11 04:22:54 Success.
2024-06-11 04:22:54 Latest version is 1.6.3
2024-06-11 04:22:54 App is up to date.
2024-06-11 05:22:53 Checking for update using Github
2024-06-11 05:22:53 Success.
2024-06-11 05:22:53 Latest version is 1.6.3
2024-06-11 05:22:53 App is up to date.
2024-06-11 06:22:53 Checking for update using Github
2024-06-11 06:22:53 Success.
2024-06-11 06:22:53 Latest version is 1.6.3
2024-06-11 06:22:53 App is up to date.
2024-06-11 07:22:53 Checking for update using Github
2024-06-11 07:22:53 Success.
2024-06-11 07:22:53 Latest version is 1.6.3
2024-06-11 07:22:53 App is up to date.
2024-06-11 08:22:53 Checking for update using Github
2024-06-11 08:22:53 Success.
2024-06-11 08:22:53 Latest version is 1.6.3
2024-06-11 08:22:53 App is up to date.
2024-06-11 09:22:53 Checking for update using Github
2024-06-11 09:22:53 Success.
2024-06-11 09:22:53 Latest version is 1.6.3
2024-06-11 09:22:53 App is up to date.
2024-06-11 10:22:53 Checking for update using Github
2024-06-11 10:22:53 Success.
2024-06-11 10:22:53 Latest version is 1.6.3
2024-06-11 10:22:53 App is up to date.
2024-06-11 11:22:53 Checking for update using Github
2024-06-11 11:22:53 Success.
2024-06-11 11:22:53 Latest version is 1.6.3
2024-06-11 11:22:53 App is up to date.
2024-06-11 12:22:53 Checking for update using Github
2024-06-11 12:22:53 Success.
2024-06-11 12:22:53 Latest version is 1.6.3
2024-06-11 12:22:53 App is up to date.
2024-06-11 13:22:53 Checking for update using Github
2024-06-11 13:22:53 Success.
2024-06-11 13:22:53 Latest version is 1.6.3
2024-06-11 13:22:53 App is up to date.
2024-06-11 14:22:53 Checking for update using Github
2024-06-11 14:22:53 Success.
2024-06-11 14:22:53 Latest version is 1.6.3
2024-06-11 14:22:53 App is up to date.
2024-06-11 15:22:54 Checking for update using Github
2024-06-11 15:22:54 Success.
2024-06-11 15:22:54 Latest version is 1.6.3
2024-06-11 15:22:54 App is up to date.
2024-06-11 16:29:16 Loading main app package /usr/lib/obsidian/obsidian.asar
2024-06-11 16:29:16 Checking for update using Github
2024-06-11 16:29:16 Failed to check for update using Github (net::ERR_INTERNET_DISCONNECTED)
2024-06-11 16:29:16 Checking for update using obsidian.md
2024-06-11 16:29:16 Failed to check for update using obsidian.md (net::ERR_INTERNET_DISCONNECTED)
2024-06-11 17:29:16 Checking for update using Github
2024-06-11 17:29:16 Success.
2024-06-11 17:29:16 Latest version is 1.6.3
2024-06-11 17:29:16 App is up to date.
